[20:59:46] [ServerMain/INFO]: [bootstrap] Running Java 21 (OpenJDK 64-Bit Server VM 21.0.7+6-Ubuntu-0ubuntu120.04; Ubuntu null) on Linux 6.8.0-1027-azure (amd64)
[20:59:46] [ServerMain/INFO]: [bootstrap] Loading Paper 1.21-130-master@b1b5d4c (2024-08-10T10:02:42Z) for Minecraft 1.21
[20:59:47] [ServerMain/INFO]: [PluginInitializerManager] Initializing plugins...
[20:59:47] [ServerMain/INFO]: [PluginInitializerManager] Initialized 0 plugins
[20:59:51] [ServerMain/INFO]: Environment: Environment[sessionHost=https://sessionserver.mojang.com, servicesHost=https://api.minecraftservices.com, name=PROD]
[20:59:53] [ServerMain/INFO]: Loaded 1290 recipes
[20:59:53] [ServerMain/INFO]: Loaded 1399 advancements
[20:59:53] [Server thread/INFO]: Starting minecraft server version 1.21
[20:59:53] [Server thread/INFO]: Loading properties
[20:59:53] [Server thread/INFO]: This server is running Paper version 1.21-130-master@b1b5d4c (2024-08-10T10:02:42Z) (Implementing API version 1.21-R0.1-SNAPSHOT)
[20:59:54] [Server thread/INFO]: [spark] This server bundles the spark profiler. For more information please visit https://docs.papermc.io/paper/profiling
[20:59:54] [Server thread/INFO]: Server Ping Player Sample Count: 12
[20:59:54] [Server thread/INFO]: Using 4 threads for Netty based IO
[20:59:55] [Server thread/INFO]: [ChunkTaskScheduler] Chunk system is using 1 I/O threads, 1 worker threads, and population gen parallelism of 1 threads
[20:59:55] [Server thread/INFO]: Default game type: SURVIVAL
[20:59:55] [Server thread/INFO]: Generating keypair
[20:59:55] [Server thread/INFO]: Starting Minecraft server on *:25565
[20:59:55] [Server thread/INFO]: Using epoll channel type
[20:59:55] [Server thread/INFO]: Paper: Using libdeflate (Linux x86_64) compression from Velocity.
[20:59:55] [Server thread/INFO]: Paper: Using OpenSSL 1.1.x (Linux x86_64) cipher from Velocity.
[20:59:55] [Server thread/INFO]: Server permissions file permissions.yml is empty, ignoring it
[20:59:55] [Server thread/WARN]: **** SERVER IS RUNNING IN OFFLINE/INSECURE MODE!
[20:59:55] [Server thread/WARN]: The server will make no attempt to authenticate usernames. Beware.
[20:59:55] [Server thread/WARN]: While this makes the game possible to play without internet access, it also opens up the ability for hackers to connect with any username they choose.
[20:59:55] [Server thread/WARN]: To change this, set "online-mode" to "true" in the server.properties file.
[20:59:55] [Server thread/INFO]: Preparing level "world"
[20:59:56] [Server thread/INFO]: Preparing start region for dimension minecraft:overworld
[20:59:57] [Server thread/INFO]: Time elapsed: 1381 ms
[20:59:57] [Server thread/INFO]: Preparing start region for dimension minecraft:the_nether
[20:59:57] [Server thread/INFO]: Time elapsed: 171 ms
[20:59:57] [Server thread/INFO]: Preparing start region for dimension minecraft:the_end
[20:59:57] [Server thread/INFO]: Time elapsed: 130 ms
[20:59:57] [Server thread/INFO]: [spark] Starting background profiler...
[20:59:58] [Server thread/INFO]: Done preparing level "world" (2.482s)
[20:59:58] [Server thread/INFO]: Running delayed init tasks
[20:59:58] [Server thread/INFO]: Done (12.334s)! For help, type "help"
[20:59:58] [Server thread/INFO]: Timings Reset
[21:03:04] [Server thread/INFO]: Stopping server
[21:03:04] [Server thread/INFO]: Saving players
[21:03:04] [Server thread/INFO]: Saving worlds
[21:03:04] [Server thread/INFO]: Saving chunks for level 'ServerLevel[world]'/minecraft:overworld
[21:03:04] [Server thread/INFO]: [ChunkHolderManager] Waiting 60s for chunk system to halt for world 'world'
[21:03:04] [Server thread/INFO]: [ChunkHolderManager] Halted chunk system for world 'world'
[21:03:04] [Server thread/INFO]: [ChunkHolderManager] Saving all chunkholders for world 'world'
[21:03:05] [Server thread/INFO]: [ChunkHolderManager] Saved 49 block chunks, 49 entity chunks, 0 poi chunks in world 'world' in 0.28s
[21:03:05] [Server thread/INFO]: Saving chunks for level 'ServerLevel[world_nether]'/minecraft:the_nether
[21:03:05] [Server thread/INFO]: [ChunkHolderManager] Waiting 60s for chunk system to halt for world 'world_nether'
[21:03:05] [Server thread/INFO]: [ChunkHolderManager] Halted chunk system for world 'world_nether'
[21:03:05] [Server thread/INFO]: [ChunkHolderManager] Saving all chunkholders for world 'world_nether'
[21:03:05] [Server thread/INFO]: [ChunkHolderManager] Saved 49 block chunks, 49 entity chunks, 0 poi chunks in world 'world_nether' in 0.10s
[21:03:05] [Server thread/INFO]: Saving chunks for level 'ServerLevel[world_the_end]'/minecraft:the_end
[21:03:05] [Server thread/INFO]: [ChunkHolderManager] Waiting 60s for chunk system to halt for world 'world_the_end'
[21:03:05] [Server thread/INFO]: [ChunkHolderManager] Halted chunk system for world 'world_the_end'
[21:03:05] [Server thread/INFO]: [ChunkHolderManager] Saving all chunkholders for world 'world_the_end'
[21:03:05] [Server thread/INFO]: [ChunkHolderManager] Saved 49 block chunks, 49 entity chunks, 0 poi chunks in world 'world_the_end' in 0.08s
[21:03:05] [Server thread/INFO]: ThreadedAnvilChunkStorage (world): All chunks are saved
[21:03:05] [Server thread/INFO]: ThreadedAnvilChunkStorage (DIM-1): All chunks are saved
[21:03:05] [Server thread/INFO]: ThreadedAnvilChunkStorage (DIM1): All chunks are saved
[21:03:05] [Server thread/INFO]: ThreadedAnvilChunkStorage: All dimensions are saved
